2015-12-19 06:15:08 INFO  Search_Scenario:20 - Intializing browser for Cart scenario : add cartGB_12-1.0
2015-12-19 06:15:29 INFO  Search_Scenario:22 - Intializing browser for Cart scenario :add cart has completedGB_12-1.0
2015-12-19 06:15:33 ERROR Search_Scenario:27 - The user has failed to login, the page the user currently is rediff.com ! Books Online - GB_12 - 1.0
2015-12-19 06:15:34 INFO  Search_Scenario:59 - Intializing browser for Cart scenario : add cartGB_15-1.0
2015-12-19 06:15:44 INFO  Search_Scenario:61 - Intializing browser for Cart scenario :add cart has completedGB_15-1.0
2015-12-19 06:15:47 ERROR Search_Scenario:66 - The user has failed to login, the page the user currently is rediff.com ! Books Online - GB_15 - 1.0
2015-12-19 06:16:05 ERROR Login_Scenario:55 - The user has failed to login, the page the user currently is rediff.com ! Books Online
2015-12-19 06:16:05 INFO  Login_Scenario:20 - Starting invalid_login scenarioGB_01 1.0
2015-12-19 06:17:48 INFO  Search_Scenario:20 - Intializing browser for Cart scenario : add cartGB_12-1.0
2015-12-19 06:18:00 INFO  Search_Scenario:22 - Intializing browser for Cart scenario :add cart has completedGB_12-1.0
2015-12-19 06:18:06 ERROR Search_Scenario:27 - The user has failed to login, the page the user currently is rediff.com ! Books Online - GB_12 - 1.0
2015-12-19 06:18:09 INFO  Search_Scenario:60 - Intializing browser for Cart scenario : add cartGB_15-1.0
2015-12-19 06:18:21 INFO  Search_Scenario:62 - Intializing browser for Cart scenario :add cart has completedGB_15-1.0
2015-12-19 06:18:25 ERROR Search_Scenario:67 - The user has failed to login, the page the user currently is rediff.com ! Books Online - GB_15 - 1.0
2015-12-19 06:18:42 INFO  Login_Scenario:63 - The validation has passed
2015-12-19 06:18:44 INFO  Login_Scenario:20 - Starting invalid_login scenarioGB_01 1.0
2015-12-19 06:18:54 INFO  Login_Scenario:23 - Browser InitializedGB_01 1.0
2015-12-19 06:18:57 INFO  Login_Scenario:37 - The validation has passed
2015-12-19 06:18:58 INFO  Login_Scenario:45 - Completed invalid_login scenarioGB_01 1.0
2015-12-19 06:18:58 INFO  Login_Scenario:20 - Starting invalid_login scenarioGB_02 1.0
2015-12-19 06:19:10 INFO  Login_Scenario:23 - Browser InitializedGB_02 1.0
2015-12-19 06:19:13 INFO  Login_Scenario:37 - The validation has passed
2015-12-19 06:19:14 INFO  Login_Scenario:45 - Completed invalid_login scenarioGB_02 1.0
2015-12-19 06:19:14 INFO  Search_Scenario:45 - Intializing browser for Search scenario : valid searchGB_09-1.0
2015-12-19 06:19:25 INFO  Search_Scenario:47 - Intializing browser for Search scenario : valid search has completedGB_09-1.0
2015-12-19 06:19:26 INFO  Search_Scenario:50 - Searching books has been complete for  Search scenario : valid search GB_09-1.0
2015-12-19 06:19:29 ERROR Search_Scenario:58 - The actual and expected doesn't match for valid searchGB_09-1.0
2015-12-19 06:19:30 INFO  Search_Scenario:45 - Intializing browser for Search scenario : valid searchGB_10-1.0
2015-12-19 06:19:41 INFO  Search_Scenario:47 - Intializing browser for Search scenario : valid search has completedGB_10-1.0
2015-12-19 06:19:42 INFO  Search_Scenario:50 - Searching books has been complete for  Search scenario : valid search GB_10-1.0
2015-12-19 06:19:46 ERROR Search_Scenario:58 - The actual and expected doesn't match for valid searchGB_10-1.0
2015-12-19 06:19:48 INFO  Search_Scenario:45 - Intializing browser for Search scenario : valid searchGB_11-1.0
2015-12-19 06:20:00 INFO  Search_Scenario:47 - Intializing browser for Search scenario : valid search has completedGB_11-1.0
2015-12-19 06:20:00 INFO  Search_Scenario:50 - Searching books has been complete for  Search scenario : valid search GB_11-1.0
2015-12-19 06:20:08 ERROR Search_Scenario:58 - The actual and expected doesn't match for valid searchGB_11-1.0
2015-12-19 06:20:09 INFO  Search_Scenario:16 - Intializing browser for Search scenario : invalid searchGB_08-1.0
2015-12-19 06:20:20 INFO  Search_Scenario:18 - Intializing browser for Search scenario : invalid search has completedGB_08-1.0
2015-12-19 06:20:21 INFO  Search_Scenario:21 - Searching books has been complete for  Search scenario : invalid search GB_08-1.0
2015-12-19 06:20:22 INFO  Search_Scenario:25 - Validation PASSED for  Search scenario : invalid search  completedGB_08-1.0
2015-12-19 06:20:22 INFO  Search_Scenario:35 - Validation for  Search scenario : invalid search  completedGB_08-1.0
2015-12-19 06:26:26 INFO  Search_Scenario:20 - Intializing browser for Cart scenario : add cartGB_12-1.0
2015-12-19 06:26:40 INFO  Search_Scenario:22 - Intializing browser for Cart scenario :add cart has completedGB_12-1.0
2015-12-19 06:26:46 INFO  Search_Scenario:38 - The book searched has been found and selected GB_12 - 1.0
2015-12-19 06:26:49 INFO  Search_Scenario:41 - Buy now functionality completed GB_12 - 1.0
2015-12-19 06:26:51 INFO  Search_Scenario:47 - Book has been added to the cartGB_12 - 1.0
2015-12-19 06:26:58 INFO  Search_Scenario:51 - Signedout from the application for add cartGB_12 - 1.0
2015-12-19 06:27:00 INFO  Search_Scenario:53 - Add Cart scenario completedGB_12 - 1.0
2015-12-19 06:27:00 INFO  Search_Scenario:60 - Intializing browser for Cart scenario : add cartGB_15-1.0
2015-12-19 06:27:11 INFO  Search_Scenario:62 - Intializing browser for Cart scenario :add cart has completedGB_15-1.0
2015-12-19 06:27:20 INFO  Search_Scenario:77 - The book searched has been found and selected GB_15 - 1.0
2015-12-19 06:27:22 INFO  Search_Scenario:80 - Buy now functionality completed GB_15 - 1.0
2015-12-19 06:27:24 INFO  Search_Scenario:84 - deleted book from the cartGB_15 - 1.0
2015-12-19 06:27:24 INFO  Search_Scenario:87 - Validation PASSED for  Cart scenario : delete search  completedGB_15-1.0
2015-12-19 06:27:41 INFO  Login_Scenario:63 - The validation has passed
2015-12-19 06:27:43 INFO  Login_Scenario:20 - Starting invalid_login scenarioGB_01 1.0
2015-12-19 06:27:55 INFO  Login_Scenario:23 - Browser InitializedGB_01 1.0
2015-12-19 06:27:58 INFO  Login_Scenario:37 - The validation has passed
2015-12-19 06:27:59 INFO  Login_Scenario:45 - Completed invalid_login scenarioGB_01 1.0
2015-12-19 06:27:59 INFO  Login_Scenario:20 - Starting invalid_login scenarioGB_02 1.0
2015-12-19 06:28:09 INFO  Login_Scenario:23 - Browser InitializedGB_02 1.0
2015-12-19 06:28:12 INFO  Login_Scenario:37 - The validation has passed
2015-12-19 06:28:13 INFO  Login_Scenario:45 - Completed invalid_login scenarioGB_02 1.0
2015-12-19 06:28:13 INFO  Search_Scenario:45 - Intializing browser for Search scenario : valid searchGB_09-1.0
2015-12-19 06:28:24 INFO  Search_Scenario:47 - Intializing browser for Search scenario : valid search has completedGB_09-1.0
2015-12-19 06:28:24 INFO  Search_Scenario:50 - Searching books has been complete for  Search scenario : valid search GB_09-1.0
2015-12-19 06:28:27 ERROR Search_Scenario:58 - The actual and expected doesn't match for valid searchGB_09-1.0
2015-12-19 06:28:28 INFO  Search_Scenario:45 - Intializing browser for Search scenario : valid searchGB_10-1.0
2015-12-19 06:28:38 INFO  Search_Scenario:47 - Intializing browser for Search scenario : valid search has completedGB_10-1.0
2015-12-19 06:28:39 INFO  Search_Scenario:50 - Searching books has been complete for  Search scenario : valid search GB_10-1.0
2015-12-19 06:28:42 ERROR Search_Scenario:58 - The actual and expected doesn't match for valid searchGB_10-1.0
2015-12-19 06:28:43 INFO  Search_Scenario:45 - Intializing browser for Search scenario : valid searchGB_11-1.0
2015-12-19 06:28:55 INFO  Search_Scenario:47 - Intializing browser for Search scenario : valid search has completedGB_11-1.0
2015-12-19 06:28:56 INFO  Search_Scenario:50 - Searching books has been complete for  Search scenario : valid search GB_11-1.0
2015-12-19 06:28:58 ERROR Search_Scenario:58 - The actual and expected doesn't match for valid searchGB_11-1.0
2015-12-19 06:28:59 INFO  Search_Scenario:16 - Intializing browser for Search scenario : invalid searchGB_08-1.0
2015-12-19 06:29:09 INFO  Search_Scenario:18 - Intializing browser for Search scenario : invalid search has completedGB_08-1.0
2015-12-19 06:29:10 INFO  Search_Scenario:21 - Searching books has been complete for  Search scenario : invalid search GB_08-1.0
2015-12-19 06:29:11 INFO  Search_Scenario:25 - Validation PASSED for  Search scenario : invalid search  completedGB_08-1.0
2015-12-19 06:29:11 INFO  Search_Scenario:35 - Validation for  Search scenario : invalid search  completedGB_08-1.0
2015-12-19 06:40:28 INFO  Login_Scenario:20 - Starting invalid_login scenarioGB_01 1.0
2015-12-19 06:40:42 INFO  Login_Scenario:23 - Browser InitializedGB_01 1.0
2015-12-19 06:40:46 INFO  Login_Scenario:37 - The validation has passed
2015-12-19 06:40:48 INFO  Login_Scenario:45 - Completed invalid_login scenarioGB_01 1.0
2015-12-19 06:40:48 INFO  Login_Scenario:20 - Starting invalid_login scenarioGB_02 1.0
2015-12-19 06:41:01 INFO  Login_Scenario:23 - Browser InitializedGB_02 1.0
2015-12-19 06:41:04 INFO  Login_Scenario:37 - The validation has passed
2015-12-19 06:41:05 INFO  Login_Scenario:45 - Completed invalid_login scenarioGB_02 1.0
2015-12-19 06:42:52 INFO  Login_Scenario:63 - The validation has passed
2015-12-19 06:42:54 INFO  Login_Scenario:20 - Starting invalid_login scenarioGB_01 1.0
2015-12-19 06:43:06 INFO  Login_Scenario:23 - Browser InitializedGB_01 1.0
2015-12-19 06:43:10 INFO  Login_Scenario:37 - The validation has passed
2015-12-19 06:43:11 INFO  Login_Scenario:45 - Completed invalid_login scenarioGB_01 1.0
2015-12-19 06:43:11 INFO  Login_Scenario:20 - Starting invalid_login scenarioGB_02 1.0
2015-12-19 06:43:24 INFO  Login_Scenario:23 - Browser InitializedGB_02 1.0
2015-12-19 06:43:27 INFO  Login_Scenario:37 - The validation has passed
2015-12-19 06:43:28 INFO  Login_Scenario:45 - Completed invalid_login scenarioGB_02 1.0
2015-12-19 06:45:21 INFO  Login_Scenario:63 - The validation has passed
2015-12-19 06:45:23 INFO  Login_Scenario:20 - Starting invalid_login scenarioGB_01 1.0
2015-12-19 06:45:35 INFO  Login_Scenario:23 - Browser InitializedGB_01 1.0
2015-12-19 06:45:39 INFO  Login_Scenario:37 - The validation has passed
2015-12-19 06:45:40 INFO  Login_Scenario:45 - Completed invalid_login scenarioGB_01 1.0
2015-12-19 06:45:40 INFO  Login_Scenario:20 - Starting invalid_login scenarioGB_02 1.0
2015-12-19 06:45:54 INFO  Login_Scenario:23 - Browser InitializedGB_02 1.0
2015-12-19 06:45:57 INFO  Login_Scenario:37 - The validation has passed
2015-12-19 06:45:58 INFO  Login_Scenario:45 - Completed invalid_login scenarioGB_02 1.0
2015-12-19 06:46:34 INFO  Login_Scenario:63 - The validation has passed
2015-12-19 06:46:37 INFO  Login_Scenario:20 - Starting invalid_login scenarioGB_01 1.0
2015-12-19 06:46:46 INFO  Login_Scenario:23 - Browser InitializedGB_01 1.0
2015-12-19 06:46:50 INFO  Login_Scenario:37 - The validation has passed
2015-12-19 06:46:51 INFO  Login_Scenario:45 - Completed invalid_login scenarioGB_01 1.0
2015-12-19 06:46:51 INFO  Login_Scenario:20 - Starting invalid_login scenarioGB_02 1.0
2015-12-19 06:47:01 INFO  Login_Scenario:23 - Browser InitializedGB_02 1.0
2015-12-19 06:47:05 INFO  Login_Scenario:37 - The validation has passed
2015-12-19 06:47:06 INFO  Login_Scenario:45 - Completed invalid_login scenarioGB_02 1.0
2015-12-19 07:27:50 INFO  Login_Scenario:20 - Starting invalid_login scenarioGB_01 1.0
2015-12-19 07:28:06 INFO  Login_Scenario:23 - Browser InitializedGB_01 1.0
2015-12-19 07:28:10 INFO  Login_Scenario:20 - Starting invalid_login scenarioGB_02 1.0
2015-12-19 07:28:25 INFO  Login_Scenario:23 - Browser InitializedGB_02 1.0
2015-12-19 07:28:29 INFO  Login_Scenario:53 - Starting valid_login scenarioGB_07 1.0
2015-12-19 07:28:48 INFO  Login_Scenario:55 - Browser Initialized for valid scenarioGB_07 1.0
2015-12-19 07:30:50 INFO  Login_Scenario:20 - Starting invalid_login scenarioGB_01 1.0
2015-12-19 07:31:07 INFO  Login_Scenario:23 - Browser InitializedGB_01 1.0
2015-12-19 07:31:10 INFO  Login_Scenario:20 - Starting invalid_login scenarioGB_02 1.0
2015-12-19 07:31:27 INFO  Login_Scenario:23 - Browser InitializedGB_02 1.0
2015-12-19 07:31:32 INFO  Login_Scenario:53 - Starting valid_login scenarioGB_07 1.0
2015-12-19 07:31:44 INFO  Login_Scenario:55 - Browser Initialized for valid scenarioGB_07 1.0
2015-12-19 07:33:54 INFO  Login_Scenario:20 - Starting invalid_login scenarioGB_01 1.0
2015-12-19 07:34:08 INFO  Login_Scenario:23 - Browser InitializedGB_01 1.0
2015-12-19 07:34:12 INFO  Login_Scenario:40 - The validation has passed
2015-12-19 07:34:15 INFO  Login_Scenario:48 - Completed invalid_login scenarioGB_01 1.0
2015-12-19 07:34:15 INFO  Login_Scenario:20 - Starting invalid_login scenarioGB_02 1.0
2015-12-19 07:34:27 INFO  Login_Scenario:23 - Browser InitializedGB_02 1.0
2015-12-19 07:34:32 INFO  Login_Scenario:40 - The validation has passed
2015-12-19 07:34:33 INFO  Login_Scenario:48 - Completed invalid_login scenarioGB_02 1.0
2015-12-19 07:34:33 INFO  Login_Scenario:53 - Starting valid_login scenarioGB_07 1.0
2015-12-19 07:34:45 INFO  Login_Scenario:55 - Browser Initialized for valid scenarioGB_07 1.0
2015-12-19 07:34:57 INFO  Login_Scenario:71 - The validation has passed for valid scenarioGB_07 1.0
